<?xml version="1.0" encoding="UTF-8"?>
<!-- Generated by org.testng.reporters.JUnitReportReporter -->
<testsuite hostname="TYSS-Ronald-Fredrick" failures="0" tests="4" name="Annotations.Working_on_Annotation" time="0.012" errors="0" timestamp="2024-08-25T19:59:24 IST" skipped="0">
  <testcase classname="Annotations.Working_on_Annotation" name="placeOrder" time="0.001"/>
  <system-out>
    <![CDATA[Order has been placed Successfully..!!!]]>
  </system-out>
  <testcase classname="Annotations.Working_on_Annotation" name="selectProduct" time="0.002"/>
  <system-out>
    <![CDATA[Iphone Has been Choosen.!!]]>
  </system-out>
  <testcase classname="Annotations.Working_on_Annotation" name="close" time="0.002"/>
  <system-out>
    <![CDATA[Application CLosed...!!!]]>
  </system-out>
  <testcase classname="Annotations.Working_on_Annotation" name="chooseApplication" time="0.007"/>
  <system-out>
    <![CDATA[FlipKart Is being Selected]]>
  </system-out>
</testsuite> <!-- Annotations.Working_on_Annotation -->
