<?xml version="1.0" encoding="UTF-8"?>
<!-- Generated by org.testng.reporters.JUnitReportReporter -->
<testsuite hostname="TYSS-Ronald-Fredrick" failures="0" tests="1" name="Actions_Class.Example1" time="15.746" errors="0" timestamp="2024-08-15T14:40:58 IST" skipped="0">
  <testcase classname="Actions_Class.Example1" name="demoQspider" time="15.746"/>
  <system-out/>
</testsuite> <!-- Actions_Class.Example1 -->
