<?xml version="1.0" encoding="UTF-8"?>
<!-- Generated by org.testng.reporters.JUnitReportReporter -->
<testsuite hostname="TYSS-Ronald-Fredrick" failures="0" tests="1" name="Working_on_TestNG.CustomerModule" time="0.025" errors="0" timestamp="2024-08-10T12:54:36 IST" skipped="0">
  <testcase classname="Working_on_TestNG.CustomerModule" name="modifyCustomer" time="0.025"/>
  <system-out>
    <![CDATA[Modified Customer]]>
  </system-out>
</testsuite> <!-- Working_on_TestNG.CustomerModule -->
