<?xml version="1.0" encoding="UTF-8"?>
<!-- Generated by org.testng.reporters.JUnitReportReporter -->
<testsuite hostname="TYSS-Ronald-Fredrick" failures="0" tests="1" name="ScreenShort.CaptureScreenShot" time="4.831" errors="0" timestamp="2024-08-25T20:30:26 IST" skipped="0">
  <testcase classname="ScreenShort.CaptureScreenShot" name="getScreenShot" time="4.831"/>
  <system-out>
    <![CDATA[Successfully Captured ScreenShot]]>
  </system-out>
</testsuite> <!-- ScreenShort.CaptureScreenShot -->
