<?xml version="1.0" encoding="UTF-8"?>
<!-- Generated by org.testng.reporters.JUnitReportReporter -->
<testsuite hostname="TYSS-Ronald-Fredrick" failures="0" tests="1" name="Actions_Class.Vtiger" time="19.214" errors="0" timestamp="2024-08-15T15:07:45 IST" skipped="0">
  <testcase classname="Actions_Class.Vtiger" name="printMob" time="19.214"/>
  <system-out/>
</testsuite> <!-- Actions_Class.Vtiger -->
